# JRE version: Java(TM) SE Runtime Environment (8.0_261-b12) (build 1.8.0_261-b12)
# Java VM: Java HotSpot(TM) 64-Bit Server VM (25.261-b12 mixed mode windows-amd64 compressed oops)
Heap:
 PSYoungGen      total 143872K, used 27011K [0x00000000d5e00000, 0x00000000e6680000, 0x0000000100000000)
  eden space 133120K, 13% used [0x00000000d5e00000,0x00000000d6f76510,0x00000000de000000)
  from space 10752K, 84% used [0x00000000de000000,0x00000000de8eaa30,0x00000000dea80000)
  to   space 11776K, 0% used [0x00000000e5b00000,0x00000000e5b00000,0x00000000e6680000)
 ParOldGen       total 50688K, used 8273K [0x0000000081a00000, 0x0000000084b80000, 0x00000000d5e00000)
  object space 50688K, 16% used [0x0000000081a00000,0x00000000822144e8,0x0000000084b80000)
 Metaspace       used 26251K, capacity 27530K, committed 27648K, reserved 1073152K
  class space    used 3489K, capacity 3771K, committed 3840K, reserved 1048576K
GC Heap History (10 events):
Event: 4.824 GC heap before
{Heap before GC invocations=4 (full 0):
 PSYoungGen      total 38400K, used 38356K [0x00000000d5e00000, 0x00000000da900000, 0x0000000100000000)
  eden space 33280K, 100% used [0x00000000d5e00000,0x00000000d7e80000,0x00000000d7e80000)
  from space 5120K, 99% used [0x00000000d7e80000,0x00000000d8375018,0x00000000d8380000)
  to   space 5120K, 0% used [0x00000000da400000,0x00000000da400000,0x00000000da900000)
 ParOldGen       total 87552K, used 24K [0x0000000081a00000, 0x0000000086f80000, 0x00000000d5e00000)
  object space 87552K, 0% used [0x0000000081a00000,0x0000000081a06000,0x0000000086f80000)
 Metaspace       used 14994K, capacity 15578K, committed 15744K, reserved 1062912K
  class space    used 1956K, capacity 2102K, committed 2176K, reserved 1048576K
Event: 4.833 GC heap after
Heap after GC invocations=4 (full 0):
 PSYoungGen      total 71680K, used 5115K [0x00000000d5e00000, 0x00000000da900000, 0x0000000100000000)
  eden space 66560K, 0% used [0x00000000d5e00000,0x00000000d5e00000,0x00000000d9f00000)
  from space 5120K, 99% used [0x00000000da400000,0x00000000da8fee00,0x00000000da900000)
  to   space 5120K, 0% used [0x00000000d9f00000,0x00000000d9f00000,0x00000000da400000)
 ParOldGen       total 87552K, used 949K [0x0000000081a00000, 0x0000000086f80000, 0x00000000d5e00000)
  object space 87552K, 1% used [0x0000000081a00000,0x0000000081aed620,0x0000000086f80000)
 Metaspace       used 14994K, capacity 15578K, committed 15744K, reserved 1062912K
  class space    used 1956K, capacity 2102K, committed 2176K, reserved 1048576K
}
Event: 5.691 GC heap before
{Heap before GC invocations=5 (full 0):
 PSYoungGen      total 71680K, used 71675K [0x00000000d5e00000, 0x00000000da900000, 0x0000000100000000)
  eden space 66560K, 100% used [0x00000000d5e00000,0x00000000d9f00000,0x00000000d9f00000)
  from space 5120K, 99% used [0x00000000da400000,0x00000000da8fee00,0x00000000da900000)
  to   space 5120K, 0% used [0x00000000d9f00000,0x00000000d9f00000,0x00000000da400000)
 ParOldGen       total 87552K, used 949K [0x0000000081a00000, 0x0000000086f80000, 0x00000000d5e00000)
  object space 87552K, 1% used [0x0000000081a00000,0x0000000081aed620,0x0000000086f80000)
 Metaspace       used 20067K, capacity 20820K, committed 20992K, reserved 1067008K
  class space    used 2597K, capacity 2761K, committed 2816K, reserved 1048576K
Event: 5.710 GC heap after
Heap after GC invocations=5 (full 0):
 PSYoungGen      total 71680K, used 5089K [0x00000000d5e00000, 0x00000000df600000, 0x0000000100000000)
  eden space 66560K, 0% used [0x00000000d5e00000,0x00000000d5e00000,0x00000000d9f00000)
  from space 5120K, 99% used [0x00000000d9f00000,0x00000000da3f86f8,0x00000000da400000)
  to   space 11264K, 0% used [0x00000000deb00000,0x00000000deb00000,0x00000000df600000)
 ParOldGen       total 87552K, used 7378K [0x0000000081a00000, 0x0000000086f80000, 0x00000000d5e00000)
  object space 87552K, 8% used [0x0000000081a00000,0x0000000082134be0,0x0000000086f80000)
 Metaspace       used 20067K, capacity 20820K, committed 20992K, reserved 1067008K
  class space    used 2597K, capacity 2761K, committed 2816K, reserved 1048576K
}
Event: 5.773 GC heap before
{Heap before GC invocations=6 (full 0):
 PSYoungGen      total 71680K, used 10181K [0x00000000d5e00000, 0x00000000df600000, 0x0000000100000000)
  eden space 66560K, 7% used [0x00000000d5e00000,0x00000000d62f8e40,0x00000000d9f00000)
  from space 5120K, 99% used [0x00000000d9f00000,0x00000000da3f86f8,0x00000000da400000)
  to   space 11264K, 0% used [0x00000000deb00000,0x00000000deb00000,0x00000000df600000)
 ParOldGen       total 87552K, used 7378K [0x0000000081a00000, 0x0000000086f80000, 0x00000000d5e00000)
  object space 87552K, 8% used [0x0000000081a00000,0x0000000082134be0,0x0000000086f80000)
 Metaspace       used 20453K, capacity 21172K, committed 21248K, reserved 1067008K
  class space    used 2632K, capacity 2793K, committed 2816K, reserved 1048576K
Event: 5.782 GC heap after
Heap after GC invocations=6 (full 0):
 PSYoungGen      total 143360K, used 5791K [0x00000000d5e00000, 0x00000000df500000, 0x0000000100000000)
  eden space 133120K, 0% used [0x00000000d5e00000,0x00000000d5e00000,0x00000000de000000)
  from space 10240K, 56% used [0x00000000deb00000,0x00000000df0a7e78,0x00000000df500000)
  to   space 10752K, 0% used [0x00000000de000000,0x00000000de000000,0x00000000dea80000)
 ParOldGen       total 87552K, used 7386K [0x0000000081a00000, 0x0000000086f80000, 0x00000000d5e00000)
  object space 87552K, 8% used [0x0000000081a00000,0x0000000082136be0,0x0000000086f80000)
 Metaspace       used 20453K, capacity 21172K, committed 21248K, reserved 1067008K
  class space    used 2632K, capacity 2793K, committed 2816K, reserved 1048576K
}
Event: 5.782 GC heap before
{Heap before GC invocations=7 (full 1):
 PSYoungGen      total 143360K, used 5791K [0x00000000d5e00000, 0x00000000df500000, 0x0000000100000000)
  eden space 133120K, 0% used [0x00000000d5e00000,0x00000000d5e00000,0x00000000de000000)
  from space 10240K, 56% used [0x00000000deb00000,0x00000000df0a7e78,0x00000000df500000)
  to   space 10752K, 0% used [0x00000000de000000,0x00000000de000000,0x00000000dea80000)
 ParOldGen       total 87552K, used 7386K [0x0000000081a00000, 0x0000000086f80000, 0x00000000d5e00000)
  object space 87552K, 8% used [0x0000000081a00000,0x0000000082136be0,0x0000000086f80000)
 Metaspace       used 20453K, capacity 21172K, committed 21248K, reserved 1067008K
  class space    used 2632K, capacity 2793K, committed 2816K, reserved 1048576K
Event: 5.818 GC heap after
Heap after GC invocations=7 (full 1):
 PSYoungGen      total 143360K, used 0K [0x00000000d5e00000, 0x00000000df500000, 0x0000000100000000)
  eden space 133120K, 0% used [0x00000000d5e00000,0x00000000d5e00000,0x00000000de000000)
  from space 10240K, 0% used [0x00000000deb00000,0x00000000deb00000,0x00000000df500000)
  to   space 10752K, 0% used [0x00000000de000000,0x00000000de000000,0x00000000dea80000)
 ParOldGen       total 50688K, used 8265K [0x0000000081a00000, 0x0000000084b80000, 0x00000000d5e00000)
  object space 50688K, 16% used [0x0000000081a00000,0x00000000822124e8,0x0000000084b80000)
 Metaspace       used 20453K, capacity 21172K, committed 21248K, reserved 1067008K
  class space    used 2632K, capacity 2793K, committed 2816K, reserved 1048576K
}
Event: 7.589 GC heap before
{Heap before GC invocations=8 (full 1):
 PSYoungGen      total 143360K, used 133120K [0x00000000d5e00000, 0x00000000df500000, 0x0000000100000000)
  eden space 133120K, 100% used [0x00000000d5e00000,0x00000000de000000,0x00000000de000000)
  from space 10240K, 0% used [0x00000000deb00000,0x00000000deb00000,0x00000000df500000)
  to   space 10752K, 0% used [0x00000000de000000,0x00000000de000000,0x00000000dea80000)
 ParOldGen       total 50688K, used 8265K [0x0000000081a00000, 0x0000000084b80000, 0x00000000d5e00000)
  object space 50688K, 16% used [0x0000000081a00000,0x00000000822124e8,0x0000000084b80000)
 Metaspace       used 25437K, capacity 26680K, committed 26752K, reserved 1073152K
  class space    used 3361K, capacity 3642K, committed 3712K, reserved 1048576K
Event: 7.599 GC heap after
Heap after GC invocations=8 (full 1):
 PSYoungGen      total 143872K, used 9130K [0x00000000d5e00000, 0x00000000e6680000, 0x0000000100000000)
  eden space 133120K, 0% used [0x00000000d5e00000,0x00000000d5e00000,0x00000000de000000)
  from space 10752K, 84% used [0x00000000de000000,0x00000000de8eaa30,0x00000000dea80000)
  to   space 11776K, 0% used [0x00000000e5b00000,0x00000000e5b00000,0x00000000e6680000)
 ParOldGen       total 50688K, used 8273K [0x0000000081a00000, 0x0000000084b80000, 0x00000000d5e00000)
  object space 50688K, 16% used [0x0000000081a00000,0x00000000822144e8,0x0000000084b80000)
 Metaspace       used 25437K, capacity 26680K, committed 26752K, reserved 1073152K
  class space    used 3361K, capacity 3642K, committed 3712K, reserved 1048576K
}

